This is pdfTeX, Version 3.14159265-2.6-1.40.19 (TeX Live 2018) (preloaded format=pdflatex 2019.9.24)  26 SEP 2019 01:38
entering extended mode
 restricted \write18 enabled.
 %&-line parsing enabled.
**zadanie20.tex
(./zadanie20.tex
LaTeX2e <2018-04-01> patch level 5
(/usr/share/texlive/texmf-dist/tex/latex/base/article.cls
Document Class: article 2014/09/29 v1.4h Standard LaTeX document class
(/usr/share/texlive/texmf-dist/tex/latex/base/size11.clo
File: size11.clo 2014/09/29 v1.4h Standard LaTeX file (size option)
)
\c@part=\count80
\c@section=\count81
\c@subsection=\count82
\c@subsubsection=\count83
\c@paragraph=\count84
\c@subparagraph=\count85
\c@figure=\count86
\c@table=\count87
\abovecaptionskip=\skip41
\belowcaptionskip=\skip42
\bibindent=\dimen102
)
(/usr/share/texlive/texmf-dist/tex/latex/base/inputenc.sty
Package: inputenc 2018/04/06 v1.3b Input encoding file
\inpenc@prehook=\toks14
\inpenc@posthook=\toks15
) (./zadanie20.aux)
\openout1 = `zadanie20.aux'.

LaTeX Font Info:    Checking defaults for OML/cmm/m/it on input line 6.
LaTeX Font Info:    ... okay on input line 6.
LaTeX Font Info:    Checking defaults for T1/cmr/m/n on input line 6.
LaTeX Font Info:    ... okay on input line 6.
LaTeX Font Info:    Checking defaults for OT1/cmr/m/n on input line 6.
LaTeX Font Info:    ... okay on input line 6.
LaTeX Font Info:    Checking defaults for OMS/cmsy/m/n on input line 6.
LaTeX Font Info:    ... okay on input line 6.
LaTeX Font Info:    Checking defaults for OMX/cmex/m/n on input line 6.
LaTeX Font Info:    ... okay on input line 6.
LaTeX Font Info:    Checking defaults for U/cmr/m/n on input line 6.
LaTeX Font Info:    ... okay on input line 6.


! LaTeX Error: Command \k unavailable in encoding OT1.

See the LaTeX manual or LaTeX Companion for explanation.
Type  H <return>  for immediate help.
 ...                                              
                                                  
l.7 \maketitle
              
Your command was ignored.
Type  I <command> <return>  to replace it with another command,
or  <return>  to continue without it.


! LaTeX Error: Command \k unavailable in encoding OT1.

See the LaTeX manual or LaTeX Companion for explanation.
Type  H <return>  for immediate help.
 ...                                              
                                                  
l.7 \maketitle
              
Your command was ignored.
Type  I <command> <return>  to replace it with another command,
or  <return>  to continue without it.

LaTeX Font Info:    External font `cmex10' loaded for size
(Font)              <12> on input line 7.
LaTeX Font Info:    External font `cmex10' loaded for size
(Font)              <8> on input line 7.
LaTeX Font Info:    External font `cmex10' loaded for size
(Font)              <6> on input line 7.

! LaTeX Error: Command \k unavailable in encoding OT1.

See the LaTeX manual or LaTeX Companion for explanation.
Type  H <return>  for immediate help.
 ...                                              
                                                  
l.8 Dane sƒÖ
             3 liczby dodatnie. Sprawd≈∫, czy mogƒÖ byƒá one d≈Çugo≈õciami b...

Your command was ignored.
Type  I <command> <return>  to replace it with another command,
or  <return>  to continue without it.


! LaTeX Error: Command \k unavailable in encoding OT1.

See the LaTeX manual or LaTeX Companion for explanation.
Type  H <return>  for immediate help.
 ...                                              
                                                  
l.8 ... sƒÖ 3 liczby dodatnie. Sprawd≈∫, czy mogƒÖ
                                                   byƒá one d≈Çugo≈õciami bo...

Your command was ignored.
Type  I <command> <return>  to replace it with another command,
or  <return>  to continue without it.


! LaTeX Error: Command \k unavailable in encoding OT1.

See the LaTeX manual or LaTeX Companion for explanation.
Type  H <return>  for immediate help.
 ...                                              
                                                  
l.8 ...ogƒÖ byƒá one d≈Çugo≈õciami bok√≥w tr√≥jkƒÖ
                                                  ta, a je≈õli tak, to rozwi...

Your command was ignored.
Type  I <command> <return>  to replace it with another command,
or  <return>  to continue without it.


! LaTeX Error: Command \k unavailable in encoding OT1.

See the LaTeX manual or LaTeX Companion for explanation.
Type  H <return>  for immediate help.
 ...                                              
                                                  
l.8 ...bok√≥w tr√≥jkƒÖta, a je≈õli tak, to rozwiƒÖ
                                                  ≈º taki tr√≥jkƒÖt. RozwiƒÖ...

Your command was ignored.
Type  I <command> <return>  to replace it with another command,
or  <return>  to continue without it.


! LaTeX Error: Command \k unavailable in encoding OT1.

See the LaTeX manual or LaTeX Companion for explanation.
Type  H <return>  for immediate help.
 ...                                              
                                                  
l.8 ...a, a je≈õli tak, to rozwiƒÖ≈º taki tr√≥jkƒÖ
                                                  t. RozwiƒÖzywanie tr√≥jkƒÖ...

Your command was ignored.
Type  I <command> <return>  to replace it with another command,
or  <return>  to continue without it.


! LaTeX Error: Command \k unavailable in encoding OT1.

See the LaTeX manual or LaTeX Companion for explanation.
Type  H <return>  for immediate help.
 ...                                              
                                                  
l.8 ...i tak, to rozwiƒÖ≈º taki tr√≥jkƒÖt. RozwiƒÖ
                                                  zywanie tr√≥jkƒÖta polega ...

Your command was ignored.
Type  I <command> <return>  to replace it with another command,
or  <return>  to continue without it.


! LaTeX Error: Command \k unavailable in encoding OT1.

See the LaTeX manual or LaTeX Companion for explanation.
Type  H <return>  for immediate help.
 ...                                              
                                                  
l.8 ...Ö≈º taki tr√≥jkƒÖt. RozwiƒÖzywanie tr√≥jkƒÖ
                                                  ta polega na podaniu wszys...

Your command was ignored.
Type  I <command> <return>  to replace it with another command,
or  <return>  to continue without it.

LaTeX Font Info:    Try loading font information for OMS+cmr on input line 10.
(/usr/share/texlive/texmf-dist/tex/latex/base/omscmr.fd
File: omscmr.fd 2014/09/29 v2.5h Standard LaTeX font definitions
)
LaTeX Font Info:    Font shape `OMS/cmr/m/n' in size <10.95> not available
(Font)              Font shape `OMS/cmsy/m/n' tried instead on input line 10.


! LaTeX Error: Command \k unavailable in encoding OT1.

See the LaTeX manual or LaTeX Companion for explanation.
Type  H <return>  for immediate help.
 ...                                              
                                                  
l.12 \item kƒÖ
              ty (z twierdzenia cosinus√≥w)
Your command was ignored.
Type  I <command> <return>  to replace it with another command,
or  <return>  to continue without it.


! LaTeX Error: Command \k unavailable in encoding OT1.

See the LaTeX manual or LaTeX Companion for explanation.
Type  H <return>  for immediate help.
 ...                                              
                                                  
l.13 \item rodzaj tr√≥jkƒÖ
                          ta
Your command was ignored.
Type  I <command> <return>  to replace it with another command,
or  <return>  to continue without it.


! LaTeX Error: Command \k unavailable in encoding OT1.

See the LaTeX manual or LaTeX Companion for explanation.
Type  H <return>  for immediate help.
 ...                                              
                                                  
l.15 Miary kƒÖ
              t√≥w mo≈ºna obliczyƒá, stosujƒÖc twierdzenie cosinus√≥w.
Your command was ignored.
Type  I <command> <return>  to replace it with another command,
or  <return>  to continue without it.


! LaTeX Error: Command \k unavailable in encoding OT1.

See the LaTeX manual or LaTeX Companion for explanation.
Type  H <return>  for immediate help.
 ...                                              
                                                  
l.15 Miary kƒÖt√≥w mo≈ºna obliczyƒá, stosujƒÖ
                                             c twierdzenie cosinus√≥w.
Your command was ignored.
Type  I <command> <return>  to replace it with another command,
or  <return>  to continue without it.

LaTeX Font Info:    External font `cmex10' loaded for size
(Font)              <10.95> on input line 17.

! LaTeX Error: Command \k unavailable in encoding OT1.

See the LaTeX manual or LaTeX Companion for explanation.
Type  H <return>  for immediate help.
 ...                                              
                                                  
l.29 ...t)}$, gdzie $p$ to po≈Çowa obwodu tr√≥jkƒÖ
                                                  ta.
Your command was ignored.
Type  I <command> <return>  to replace it with another command,
or  <return>  to continue without it.


Underfull \hbox (badness 10000) in paragraph at lines 15--32

 []


Underfull \hbox (badness 10000) in paragraph at lines 15--32

 []


Underfull \hbox (badness 10000) in paragraph at lines 15--32

 []


Underfull \hbox (badness 10000) in paragraph at lines 15--32

 []


Underfull \hbox (badness 10000) in paragraph at lines 15--32

 []


Underfull \hbox (badness 10000) in paragraph at lines 15--32

 []


! LaTeX Error: Command \k unavailable in encoding OT1.

See the LaTeX manual or LaTeX Companion for explanation.
Type  H <return>  for immediate help.
 ...                                              
                                                  
l.33 Nale≈ºy pamiƒô
                   taƒá, ≈ºe w jƒôzykach programowania wszystkie funkcje try...

Your command was ignored.
Type  I <command> <return>  to replace it with another command,
or  <return>  to continue without it.


! LaTeX Error: Command \k unavailable in encoding OT1.

See the LaTeX manual or LaTeX Companion for explanation.
Type  H <return>  for immediate help.
 ...                                              
                                                  
l.33 Nale≈ºy pamiƒôtaƒá, ≈ºe w jƒô
                                  zykach programowania wszystkie funkcje try...

Your command was ignored.
Type  I <command> <return>  to replace it with another command,
or  <return>  to continue without it.


! LaTeX Error: Command \k unavailable in encoding OT1.

See the LaTeX manual or LaTeX Companion for explanation.
Type  H <return>  for immediate help.
 ...                                              
                                                  
l.33 ...szystkie funkcje trygonometryczne operujƒÖ
                                                   na miarach kƒÖt√≥w wyra≈º...

Your command was ignored.
Type  I <command> <return>  to replace it with another command,
or  <return>  to continue without it.


! LaTeX Error: Command \k unavailable in encoding OT1.

See the LaTeX manual or LaTeX Companion for explanation.
Type  H <return>  for immediate help.
 ...                                              
                                                  
l.33 ...e trygonometryczne operujƒÖ na miarach kƒÖ
                                                  t√≥w wyra≈ºonych w radianach.

Your command was ignored.
Type  I <command> <return>  to replace it with another command,
or  <return>  to continue without it.


! LaTeX Error: Command \k unavailable in encoding OT1.

See the LaTeX manual or LaTeX Companion for explanation.
Type  H <return>  for immediate help.
 ...                                              
                                                  
l.35 Rodzaj tr√≥jkƒÖ
                    ta rozpoznaj po d≈Çugo≈õciach bok√≥w i po miarach kƒÖt√≥w.
Your command was ignored.
Type  I <command> <return>  to replace it with another command,
or  <return>  to continue without it.


! LaTeX Error: Command \k unavailable in encoding OT1.

See the LaTeX manual or LaTeX Companion for explanation.
Type  H <return>  for immediate help.
 ...                                              
                                                  
l.35 ...j po d≈Çugo≈õciach bok√≥w i po miarach kƒÖ
                                                  t√≥w.
Your command was ignored.
Type  I <command> <return>  to replace it with another command,
or  <return>  to continue without it.

[1

{/usr/share/texlive/texmf-dist/fonts/map/pdftex/updmap/pdftex.map}]
(./zadanie20.aux) ) 
Here is how much of TeX's memory you used:
 271 strings out of 494587
 3180 string characters out of 6177759
 58403 words of memory out of 5000000
 3977 multiletter control sequences out of 15000+600000
 7591 words of font info for 27 fonts, out of 8000000 for 9000
 14 hyphenation exceptions out of 8191
 21i,6n,19p,230b,187s stack positions out of 5000i,500n,10000p,200000b,80000s
</usr/share/texlive/texmf-dist/fonts/type1/public/amsfonts/c
m/cmex10.pfb></usr/share/texlive/texmf-dist/fonts/type1/public/amsfonts/cm/cmmi
10.pfb></usr/share/texlive/texmf-dist/fonts/type1/public/amsfonts/cm/cmmi8.pfb>
</usr/share/texlive/texmf-dist/fonts/type1/public/amsfonts/cm/cmr10.pfb></usr/s
hare/texlive/texmf-dist/fonts/type1/public/amsfonts/cm/cmr12.pfb></usr/share/te
xlive/texmf-dist/fonts/type1/public/amsfonts/cm/cmr17.pfb></usr/share/texlive/t
exmf-dist/fonts/type1/public/amsfonts/cm/cmr6.pfb></usr/share/texlive/texmf-dis
t/fonts/type1/public/amsfonts/cm/cmr8.pfb></usr/share/texlive/texmf-dist/fonts/
type1/public/amsfonts/cm/cmsy10.pfb></usr/share/texlive/texmf-dist/fonts/type1/
public/amsfonts/cm/cmsy8.pfb>
Output written on zadanie20.pdf (1 page, 95652 bytes).
PDF statistics:
 48 PDF objects out of 1000 (max. 8388607)
 34 compressed objects within 1 object stream
 0 named destinations out of 1000 (max. 500000)
 1 words of extra memory for PDF output out of 10000 (max. 10000000)

